{"/home/guney/Desktop/andrew mead - gaphql/g-05-06-prisma-101/graphql-prisma/__tests__/utils/getClient.js": {"path":"/home/guney/Desktop/andrew mead - gaphql/g-05-06-prisma-101/graphql-prisma/__tests__/utils/getClient.js","statementMap":{"0":{"start":{"line":3,"column":18},"end":{"line":20,"column":1}},"1":{"start":{"line":4,"column":2},"end":{"line":19,"column":5}},"2":{"start":{"line":7,"column":6},"end":{"line":7,"column":50}},"3":{"start":{"line":8,"column":6},"end":{"line":8,"column":48}},"4":{"start":{"line":11,"column":6},"end":{"line":17,"column":7}},"5":{"start":{"line":12,"column":8},"end":{"line":16,"column":11}}},"fnMap":{"0":{"name":"(anonymous_0)","decl":{"start":{"line":3,"column":18},"end":{"line":3,"column":19}},"loc":{"start":{"line":3,"column":25},"end":{"line":20,"column":1}},"line":3},"1":{"name":"(anonymous_1)","decl":{"start":{"line":6,"column":13},"end":{"line":6,"column":14}},"loc":{"start":{"line":6,"column":50},"end":{"line":9,"column":5}},"line":6},"2":{"name":"(anonymous_2)","decl":{"start":{"line":10,"column":4},"end":{"line":10,"column":5}},"loc":{"start":{"line":10,"column":23},"end":{"line":18,"column":5}},"line":10}},"branchMap":{"0":{"loc":{"start":{"line":11,"column":6},"end":{"line":17,"column":7}},"type":"if","locations":[{"start":{"line":11,"column":6},"end":{"line":17,"column":7}},{"start":{"line":11,"column":6},"end":{"line":17,"column":7}}],"line":11}},"s":{"0":2,"1":7,"2":2,"3":2,"4":10,"5":5},"f":{"0":7,"1":2,"2":10},"b":{"0":[5,5]},"_coverageSchema":"43e27e138ebf9cfc5966b082cf9a028302ed4184","hash":"a5d0d74c49f09c590be6f43675ef9f03015035fc"}
,"/home/guney/Desktop/andrew mead - gaphql/g-05-06-prisma-101/graphql-prisma/__tests__/utils/operations.js": {"path":"/home/guney/Desktop/andrew mead - gaphql/g-05-06-prisma-101/graphql-prisma/__tests__/utils/operations.js","statementMap":{"0":{"start":{"line":3,"column":19},"end":{"line":14,"column":1}},"1":{"start":{"line":16,"column":17},"end":{"line":24,"column":1}},"2":{"start":{"line":26,"column":14},"end":{"line":32,"column":1}},"3":{"start":{"line":34,"column":19},"end":{"line":42,"column":1}},"4":{"start":{"line":44,"column":17},"end":{"line":57,"column":1}},"5":{"start":{"line":59,"column":16},"end":{"line":68,"column":1}},"6":{"start":{"line":70,"column":19},"end":{"line":79,"column":1}},"7":{"start":{"line":81,"column":19},"end":{"line":90,"column":1}},"8":{"start":{"line":92,"column":19},"end":{"line":98,"column":1}}},"fnMap":{},"branchMap":{},"s":{"0":2,"1":2,"2":2,"3":2,"4":2,"5":2,"6":2,"7":2,"8":2},"f":{},"b":{},"_coverageSchema":"43e27e138ebf9cfc5966b082cf9a028302ed4184","hash":"2a3101776dc6bec5854b6c5215f8c413b02f6c3c"}
,"/home/guney/Desktop/andrew mead - gaphql/g-05-06-prisma-101/graphql-prisma/__tests__/utils/seedDatabase.js": {"path":"/home/guney/Desktop/andrew mead - gaphql/g-05-06-prisma-101/graphql-prisma/__tests__/utils/seedDatabase.js","statementMap":{"0":{"start":{"line":5,"column":16},"end":{"line":13,"column":1}},"1":{"start":{"line":15,"column":16},"end":{"line":22,"column":1}},"2":{"start":{"line":24,"column":16},"end":{"line":31,"column":1}},"3":{"start":{"line":33,"column":21},"end":{"line":70,"column":1}},"4":{"start":{"line":34,"column":2},"end":{"line":34,"column":25}},"5":{"start":{"line":37,"column":2},"end":{"line":37,"column":42}},"6":{"start":{"line":38,"column":2},"end":{"line":38,"column":42}},"7":{"start":{"line":41,"column":2},"end":{"line":43,"column":5}},"8":{"start":{"line":45,"column":2},"end":{"line":45,"column":78}},"9":{"start":{"line":48,"column":2},"end":{"line":57,"column":5}},"10":{"start":{"line":60,"column":2},"end":{"line":69,"column":5}}},"fnMap":{"0":{"name":"(anonymous_0)","decl":{"start":{"line":33,"column":21},"end":{"line":33,"column":22}},"loc":{"start":{"line":33,"column":33},"end":{"line":70,"column":1}},"line":33}},"branchMap":{},"s":{"0":2,"1":2,"2":2,"3":2,"4":10,"5":10,"6":10,"7":10,"8":10,"9":10,"10":10},"f":{"0":10},"b":{},"_coverageSchema":"43e27e138ebf9cfc5966b082cf9a028302ed4184","hash":"eec2e20f9bfca589ededa8842ed4b21c9a49bc1a"}
,"/home/guney/Desktop/andrew mead - gaphql/g-05-06-prisma-101/graphql-prisma/src/prisma.js": {"path":"/home/guney/Desktop/andrew mead - gaphql/g-05-06-prisma-101/graphql-prisma/src/prisma.js","statementMap":{"0":{"start":{"line":4,"column":15},"end":{"line":9,"column":2}}},"fnMap":{},"branchMap":{},"s":{"0":2},"f":{},"b":{},"_coverageSchema":"43e27e138ebf9cfc5966b082cf9a028302ed4184","hash":"2333cb8272883d5cc767ce8ae95d599575c30117"}
,"/home/guney/Desktop/andrew mead - gaphql/g-05-06-prisma-101/graphql-prisma/src/resolvers/Comment.js": {"path":"/home/guney/Desktop/andrew mead - gaphql/g-05-06-prisma-101/graphql-prisma/src/resolvers/Comment.js","statementMap":{"0":{"start":{"line":1,"column":16},"end":{"line":1,"column":18}}},"fnMap":{},"branchMap":{},"s":{"0":2},"f":{},"b":{},"_coverageSchema":"43e27e138ebf9cfc5966b082cf9a028302ed4184","hash":"7a1af891e31fa6fc3b83bd894d289c12aff92bb3"}
,"/home/guney/Desktop/andrew mead - gaphql/g-05-06-prisma-101/graphql-prisma/src/resolvers/Mutation.js": {"path":"/home/guney/Desktop/andrew mead - gaphql/g-05-06-prisma-101/graphql-prisma/src/resolvers/Mutation.js","statementMap":{"0":{"start":{"line":14,"column":17},"end":{"line":230,"column":1}},"1":{"start":{"line":17,"column":23},"end":{"line":17,"column":75}},"2":{"start":{"line":19,"column":4},"end":{"line":21,"column":5}},"3":{"start":{"line":20,"column":6},"end":{"line":20,"column":37}},"4":{"start":{"line":24,"column":21},"end":{"line":24,"column":59}},"5":{"start":{"line":26,"column":17},"end":{"line":31,"column":6}},"6":{"start":{"line":33,"column":4},"end":{"line":36,"column":6}},"7":{"start":{"line":40,"column":17},"end":{"line":42,"column":6}},"8":{"start":{"line":44,"column":4},"end":{"line":46,"column":5}},"9":{"start":{"line":45,"column":6},"end":{"line":45,"column":41}},"10":{"start":{"line":48,"column":20},"end":{"line":48,"column":74}},"11":{"start":{"line":50,"column":4},"end":{"line":52,"column":5}},"12":{"start":{"line":51,"column":6},"end":{"line":51,"column":41}},"13":{"start":{"line":54,"column":4},"end":{"line":57,"column":6}},"14":{"start":{"line":63,"column":19},"end":{"line":63,"column":37}},"15":{"start":{"line":65,"column":4},"end":{"line":65,"column":71}},"16":{"start":{"line":69,"column":19},"end":{"line":69,"column":37}},"17":{"start":{"line":71,"column":4},"end":{"line":73,"column":5}},"18":{"start":{"line":72,"column":6},"end":{"line":72,"column":66}},"19":{"start":{"line":75,"column":4},"end":{"line":83,"column":6}},"20":{"start":{"line":87,"column":19},"end":{"line":87,"column":37}},"21":{"start":{"line":89,"column":4},"end":{"line":103,"column":6}},"22":{"start":{"line":107,"column":19},"end":{"line":107,"column":37}},"23":{"start":{"line":108,"column":23},"end":{"line":113,"column":6}},"24":{"start":{"line":115,"column":4},"end":{"line":117,"column":5}},"25":{"start":{"line":116,"column":6},"end":{"line":116,"column":47}},"26":{"start":{"line":118,"column":4},"end":{"line":125,"column":6}},"27":{"start":{"line":129,"column":19},"end":{"line":129,"column":37}},"28":{"start":{"line":130,"column":23},"end":{"line":135,"column":6}},"29":{"start":{"line":137,"column":24},"end":{"line":140,"column":6}},"30":{"start":{"line":142,"column":4},"end":{"line":144,"column":5}},"31":{"start":{"line":143,"column":6},"end":{"line":143,"column":47}},"32":{"start":{"line":146,"column":4},"end":{"line":150,"column":5}},"33":{"start":{"line":147,"column":6},"end":{"line":149,"column":9}},"34":{"start":{"line":152,"column":4},"end":{"line":160,"column":6}},"35":{"start":{"line":164,"column":19},"end":{"line":164,"column":37}},"36":{"start":{"line":165,"column":23},"end":{"line":168,"column":6}},"37":{"start":{"line":170,"column":4},"end":{"line":172,"column":5}},"38":{"start":{"line":171,"column":6},"end":{"line":171,"column":46}},"39":{"start":{"line":174,"column":4},"end":{"line":183,"column":6}},"40":{"start":{"line":186,"column":19},"end":{"line":186,"column":37}},"41":{"start":{"line":187,"column":26},"end":{"line":192,"column":6}},"42":{"start":{"line":194,"column":4},"end":{"line":196,"column":5}},"43":{"start":{"line":195,"column":6},"end":{"line":195,"column":50}},"44":{"start":{"line":198,"column":4},"end":{"line":205,"column":6}},"45":{"start":{"line":208,"column":19},"end":{"line":208,"column":37}},"46":{"start":{"line":209,"column":26},"end":{"line":214,"column":6}},"47":{"start":{"line":216,"column":4},"end":{"line":218,"column":5}},"48":{"start":{"line":217,"column":6},"end":{"line":217,"column":50}},"49":{"start":{"line":220,"column":4},"end":{"line":228,"column":6}}},"fnMap":{"0":{"name":"(anonymous_0)","decl":{"start":{"line":15,"column":2},"end":{"line":15,"column":3}},"loc":{"start":{"line":15,"column":51},"end":{"line":37,"column":3}},"line":15},"1":{"name":"(anonymous_1)","decl":{"start":{"line":39,"column":2},"end":{"line":39,"column":3}},"loc":{"start":{"line":39,"column":46},"end":{"line":60,"column":3}},"line":39},"2":{"name":"(anonymous_2)","decl":{"start":{"line":62,"column":2},"end":{"line":62,"column":3}},"loc":{"start":{"line":62,"column":54},"end":{"line":66,"column":3}},"line":62},"3":{"name":"(anonymous_3)","decl":{"start":{"line":68,"column":2},"end":{"line":68,"column":3}},"loc":{"start":{"line":68,"column":60},"end":{"line":84,"column":3}},"line":68},"4":{"name":"(anonymous_4)","decl":{"start":{"line":86,"column":2},"end":{"line":86,"column":3}},"loc":{"start":{"line":86,"column":54},"end":{"line":104,"column":3}},"line":86},"5":{"name":"(anonymous_5)","decl":{"start":{"line":106,"column":2},"end":{"line":106,"column":3}},"loc":{"start":{"line":106,"column":60},"end":{"line":126,"column":3}},"line":106},"6":{"name":"(anonymous_6)","decl":{"start":{"line":128,"column":2},"end":{"line":128,"column":3}},"loc":{"start":{"line":128,"column":60},"end":{"line":161,"column":3}},"line":128},"7":{"name":"(anonymous_7)","decl":{"start":{"line":163,"column":2},"end":{"line":163,"column":3}},"loc":{"start":{"line":163,"column":63},"end":{"line":184,"column":3}},"line":163},"8":{"name":"(anonymous_8)","decl":{"start":{"line":185,"column":2},"end":{"line":185,"column":3}},"loc":{"start":{"line":185,"column":63},"end":{"line":206,"column":3}},"line":185},"9":{"name":"(anonymous_9)","decl":{"start":{"line":207,"column":2},"end":{"line":207,"column":3}},"loc":{"start":{"line":207,"column":63},"end":{"line":229,"column":3}},"line":207}},"branchMap":{"0":{"loc":{"start":{"line":19,"column":4},"end":{"line":21,"column":5}},"type":"if","locations":[{"start":{"line":19,"column":4},"end":{"line":21,"column":5}},{"start":{"line":19,"column":4},"end":{"line":21,"column":5}}],"line":19},"1":{"loc":{"start":{"line":44,"column":4},"end":{"line":46,"column":5}},"type":"if","locations":[{"start":{"line":44,"column":4},"end":{"line":46,"column":5}},{"start":{"line":44,"column":4},"end":{"line":46,"column":5}}],"line":44},"2":{"loc":{"start":{"line":50,"column":4},"end":{"line":52,"column":5}},"type":"if","locations":[{"start":{"line":50,"column":4},"end":{"line":52,"column":5}},{"start":{"line":50,"column":4},"end":{"line":52,"column":5}}],"line":50},"3":{"loc":{"start":{"line":71,"column":4},"end":{"line":73,"column":5}},"type":"if","locations":[{"start":{"line":71,"column":4},"end":{"line":73,"column":5}},{"start":{"line":71,"column":4},"end":{"line":73,"column":5}}],"line":71},"4":{"loc":{"start":{"line":115,"column":4},"end":{"line":117,"column":5}},"type":"if","locations":[{"start":{"line":115,"column":4},"end":{"line":117,"column":5}},{"start":{"line":115,"column":4},"end":{"line":117,"column":5}}],"line":115},"5":{"loc":{"start":{"line":142,"column":4},"end":{"line":144,"column":5}},"type":"if","locations":[{"start":{"line":142,"column":4},"end":{"line":144,"column":5}},{"start":{"line":142,"column":4},"end":{"line":144,"column":5}}],"line":142},"6":{"loc":{"start":{"line":146,"column":4},"end":{"line":150,"column":5}},"type":"if","locations":[{"start":{"line":146,"column":4},"end":{"line":150,"column":5}},{"start":{"line":146,"column":4},"end":{"line":150,"column":5}}],"line":146},"7":{"loc":{"start":{"line":146,"column":8},"end":{"line":146,"column":52}},"type":"binary-expr","locations":[{"start":{"line":146,"column":8},"end":{"line":146,"column":19}},{"start":{"line":146,"column":23},"end":{"line":146,"column":52}}],"line":146},"8":{"loc":{"start":{"line":170,"column":4},"end":{"line":172,"column":5}},"type":"if","locations":[{"start":{"line":170,"column":4},"end":{"line":172,"column":5}},{"start":{"line":170,"column":4},"end":{"line":172,"column":5}}],"line":170},"9":{"loc":{"start":{"line":194,"column":4},"end":{"line":196,"column":5}},"type":"if","locations":[{"start":{"line":194,"column":4},"end":{"line":196,"column":5}},{"start":{"line":194,"column":4},"end":{"line":196,"column":5}}],"line":194},"10":{"loc":{"start":{"line":216,"column":4},"end":{"line":218,"column":5}},"type":"if","locations":[{"start":{"line":216,"column":4},"end":{"line":218,"column":5}},{"start":{"line":216,"column":4},"end":{"line":218,"column":5}}],"line":216}},"s":{"0":2,"1":0,"2":0,"3":0,"4":0,"5":0,"6":0,"7":0,"8":0,"9":0,"10":0,"11":0,"12":0,"13":0,"14":0,"15":0,"16":0,"17":0,"18":0,"19":0,"20":0,"21":0,"22":0,"23":0,"24":0,"25":0,"26":0,"27":0,"28":0,"29":0,"30":0,"31":0,"32":0,"33":0,"34":0,"35":0,"36":0,"37":0,"38":0,"39":0,"40":0,"41":0,"42":0,"43":0,"44":0,"45":0,"46":0,"47":0,"48":0,"49":0},"f":{"0":0,"1":0,"2":0,"3":0,"4":0,"5":0,"6":0,"7":0,"8":0,"9":0},"b":{"0":[0,0],"1":[0,0],"2":[0,0],"3":[0,0],"4":[0,0],"5":[0,0],"6":[0,0],"7":[0,0],"8":[0,0],"9":[0,0],"10":[0,0]},"_coverageSchema":"43e27e138ebf9cfc5966b082cf9a028302ed4184","hash":"5e1a7491eaf77f7dabb228a843711bb6f19d4e8b"}
,"/home/guney/Desktop/andrew mead - gaphql/g-05-06-prisma-101/graphql-prisma/src/resolvers/Post.js": {"path":"/home/guney/Desktop/andrew mead - gaphql/g-05-06-prisma-101/graphql-prisma/src/resolvers/Post.js","statementMap":{"0":{"start":{"line":1,"column":13},"end":{"line":1,"column":15}}},"fnMap":{},"branchMap":{},"s":{"0":2},"f":{},"b":{},"_coverageSchema":"43e27e138ebf9cfc5966b082cf9a028302ed4184","hash":"5fbada77406fd9ea532d6468b0f7762979e42c07"}
,"/home/guney/Desktop/andrew mead - gaphql/g-05-06-prisma-101/graphql-prisma/src/resolvers/Query.js": {"path":"/home/guney/Desktop/andrew mead - gaphql/g-05-06-prisma-101/graphql-prisma/src/resolvers/Query.js","statementMap":{"0":{"start":{"line":3,"column":14},"end":{"line":146,"column":1}},"1":{"start":{"line":5,"column":19},"end":{"line":10,"column":5}},"2":{"start":{"line":12,"column":4},"end":{"line":20,"column":5}},"3":{"start":{"line":13,"column":6},"end":{"line":19,"column":8}},"4":{"start":{"line":29,"column":4},"end":{"line":29,"column":44}},"5":{"start":{"line":33,"column":19},"end":{"line":33,"column":37}},"6":{"start":{"line":34,"column":19},"end":{"line":44,"column":5}},"7":{"start":{"line":48,"column":4},"end":{"line":57,"column":5}},"8":{"start":{"line":49,"column":6},"end":{"line":56,"column":8}},"9":{"start":{"line":62,"column":4},"end":{"line":62,"column":44}},"10":{"start":{"line":66,"column":19},"end":{"line":74,"column":5}},"11":{"start":{"line":78,"column":4},"end":{"line":87,"column":5}},"12":{"start":{"line":79,"column":6},"end":{"line":86,"column":8}},"13":{"start":{"line":92,"column":4},"end":{"line":92,"column":44}},"14":{"start":{"line":95,"column":19},"end":{"line":100,"column":5}},"15":{"start":{"line":102,"column":4},"end":{"line":102,"column":47}},"16":{"start":{"line":105,"column":19},"end":{"line":105,"column":37}},"17":{"start":{"line":112,"column":4},"end":{"line":116,"column":7}},"18":{"start":{"line":119,"column":19},"end":{"line":119,"column":44}},"19":{"start":{"line":121,"column":18},"end":{"line":138,"column":5}},"20":{"start":{"line":140,"column":4},"end":{"line":142,"column":5}},"21":{"start":{"line":141,"column":6},"end":{"line":141,"column":40}},"22":{"start":{"line":144,"column":4},"end":{"line":144,"column":20}}},"fnMap":{"0":{"name":"(anonymous_0)","decl":{"start":{"line":4,"column":2},"end":{"line":4,"column":3}},"loc":{"start":{"line":4,"column":40},"end":{"line":30,"column":3}},"line":4},"1":{"name":"(anonymous_1)","decl":{"start":{"line":32,"column":2},"end":{"line":32,"column":3}},"loc":{"start":{"line":32,"column":51},"end":{"line":63,"column":3}},"line":32},"2":{"name":"(anonymous_2)","decl":{"start":{"line":64,"column":2},"end":{"line":64,"column":3}},"loc":{"start":{"line":64,"column":40},"end":{"line":93,"column":3}},"line":64},"3":{"name":"(anonymous_3)","decl":{"start":{"line":94,"column":2},"end":{"line":94,"column":3}},"loc":{"start":{"line":94,"column":43},"end":{"line":103,"column":3}},"line":94},"4":{"name":"(anonymous_4)","decl":{"start":{"line":104,"column":2},"end":{"line":104,"column":3}},"loc":{"start":{"line":104,"column":46},"end":{"line":117,"column":3}},"line":104},"5":{"name":"(anonymous_5)","decl":{"start":{"line":118,"column":2},"end":{"line":118,"column":3}},"loc":{"start":{"line":118,"column":54},"end":{"line":145,"column":3}},"line":118}},"branchMap":{"0":{"loc":{"start":{"line":12,"column":4},"end":{"line":20,"column":5}},"type":"if","locations":[{"start":{"line":12,"column":4},"end":{"line":20,"column":5}},{"start":{"line":12,"column":4},"end":{"line":20,"column":5}}],"line":12},"1":{"loc":{"start":{"line":48,"column":4},"end":{"line":57,"column":5}},"type":"if","locations":[{"start":{"line":48,"column":4},"end":{"line":57,"column":5}},{"start":{"line":48,"column":4},"end":{"line":57,"column":5}}],"line":48},"2":{"loc":{"start":{"line":78,"column":4},"end":{"line":87,"column":5}},"type":"if","locations":[{"start":{"line":78,"column":4},"end":{"line":87,"column":5}},{"start":{"line":78,"column":4},"end":{"line":87,"column":5}}],"line":78},"3":{"loc":{"start":{"line":140,"column":4},"end":{"line":142,"column":5}},"type":"if","locations":[{"start":{"line":140,"column":4},"end":{"line":142,"column":5}},{"start":{"line":140,"column":4},"end":{"line":142,"column":5}}],"line":140}},"s":{"0":2,"1":0,"2":0,"3":0,"4":0,"5":0,"6":0,"7":0,"8":0,"9":0,"10":0,"11":0,"12":0,"13":0,"14":0,"15":0,"16":0,"17":0,"18":0,"19":0,"20":0,"21":0,"22":0},"f":{"0":0,"1":0,"2":0,"3":0,"4":0,"5":0},"b":{"0":[0,0],"1":[0,0],"2":[0,0],"3":[0,0]},"_coverageSchema":"43e27e138ebf9cfc5966b082cf9a028302ed4184","hash":"6ff6a89a6f453e75a4ce6804a53c8e979f6ffc2f"}
,"/home/guney/Desktop/andrew mead - gaphql/g-05-06-prisma-101/graphql-prisma/src/resolvers/Subscription.js": {"path":"/home/guney/Desktop/andrew mead - gaphql/g-05-06-prisma-101/graphql-prisma/src/resolvers/Subscription.js","statementMap":{"0":{"start":{"line":3,"column":21},"end":{"line":55,"column":1}},"1":{"start":{"line":6,"column":6},"end":{"line":17,"column":8}},"2":{"start":{"line":22,"column":6},"end":{"line":31,"column":8}},"3":{"start":{"line":40,"column":21},"end":{"line":40,"column":39}},"4":{"start":{"line":41,"column":6},"end":{"line":52,"column":8}}},"fnMap":{"0":{"name":"(anonymous_0)","decl":{"start":{"line":5,"column":4},"end":{"line":5,"column":5}},"loc":{"start":{"line":5,"column":52},"end":{"line":18,"column":5}},"line":5},"1":{"name":"(anonymous_1)","decl":{"start":{"line":21,"column":4},"end":{"line":21,"column":5}},"loc":{"start":{"line":21,"column":46},"end":{"line":32,"column":5}},"line":21},"2":{"name":"(anonymous_2)","decl":{"start":{"line":39,"column":4},"end":{"line":39,"column":5}},"loc":{"start":{"line":39,"column":55},"end":{"line":53,"column":5}},"line":39}},"branchMap":{},"s":{"0":2,"1":0,"2":0,"3":0,"4":0},"f":{"0":0,"1":0,"2":0},"b":{},"_coverageSchema":"43e27e138ebf9cfc5966b082cf9a028302ed4184","hash":"2d9f69afdf0c9bf402a16b3a80be2dccc78e0c37"}
,"/home/guney/Desktop/andrew mead - gaphql/g-05-06-prisma-101/graphql-prisma/src/resolvers/User.js": {"path":"/home/guney/Desktop/andrew mead - gaphql/g-05-06-prisma-101/graphql-prisma/src/resolvers/User.js","statementMap":{"0":{"start":{"line":3,"column":13},"end":{"line":34,"column":1}},"1":{"start":{"line":11,"column":21},"end":{"line":11,"column":46}},"2":{"start":{"line":13,"column":6},"end":{"line":17,"column":7}},"3":{"start":{"line":14,"column":8},"end":{"line":14,"column":28}},"4":{"start":{"line":16,"column":8},"end":{"line":16,"column":20}},"5":{"start":{"line":24,"column":6},"end":{"line":31,"column":9}}},"fnMap":{"0":{"name":"(anonymous_0)","decl":{"start":{"line":10,"column":4},"end":{"line":10,"column":5}},"loc":{"start":{"line":10,"column":45},"end":{"line":18,"column":5}},"line":10},"1":{"name":"(anonymous_1)","decl":{"start":{"line":23,"column":4},"end":{"line":23,"column":5}},"loc":{"start":{"line":23,"column":44},"end":{"line":32,"column":5}},"line":23}},"branchMap":{"0":{"loc":{"start":{"line":13,"column":6},"end":{"line":17,"column":7}},"type":"if","locations":[{"start":{"line":13,"column":6},"end":{"line":17,"column":7}},{"start":{"line":13,"column":6},"end":{"line":17,"column":7}}],"line":13},"1":{"loc":{"start":{"line":13,"column":10},"end":{"line":13,"column":39}},"type":"binary-expr","locations":[{"start":{"line":13,"column":10},"end":{"line":13,"column":16}},{"start":{"line":13,"column":20},"end":{"line":13,"column":39}}],"line":13}},"s":{"0":2,"1":0,"2":0,"3":0,"4":0,"5":0},"f":{"0":0,"1":0},"b":{"0":[0,0],"1":[0,0]},"_coverageSchema":"43e27e138ebf9cfc5966b082cf9a028302ed4184","hash":"edb0c2acf63b5a72771308b536fc00acb09d6bda"}
,"/home/guney/Desktop/andrew mead - gaphql/g-05-06-prisma-101/graphql-prisma/src/resolvers/index.js": {"path":"/home/guney/Desktop/andrew mead - gaphql/g-05-06-prisma-101/graphql-prisma/src/resolvers/index.js","statementMap":{"0":{"start":{"line":9,"column":18},"end":{"line":16,"column":1}},"1":{"start":{"line":18,"column":29},"end":{"line":18,"column":67}}},"fnMap":{},"branchMap":{},"s":{"0":2,"1":2},"f":{},"b":{},"_coverageSchema":"43e27e138ebf9cfc5966b082cf9a028302ed4184","hash":"9e3720236cbfcb8ea41d8fc36c996973b3e90759"}
}
