TN:
SF:/home/guney/Desktop/andrew mead - gaphql/g-05-06-prisma-101/graphql-prisma/__tests__/utils/getClient.js
FN:3,(anonymous_0)
FN:6,(anonymous_1)
FN:10,(anonymous_2)
FNF:3
FNH:3
FNDA:7,(anonymous_0)
FNDA:2,(anonymous_1)
FNDA:10,(anonymous_2)
DA:3,2
DA:4,7
DA:7,2
DA:8,2
DA:11,10
DA:12,5
LF:6
LH:6
BRDA:11,0,0,5
BRDA:11,0,1,5
BRF:2
BRH:2
end_of_record
TN:
SF:/home/guney/Desktop/andrew mead - gaphql/g-05-06-prisma-101/graphql-prisma/__tests__/utils/operations.js
FNF:0
FNH:0
DA:3,2
DA:16,2
DA:26,2
DA:34,2
DA:44,2
DA:59,2
DA:70,2
DA:81,2
DA:92,2
LF:9
LH:9
BRF:0
BRH:0
end_of_record
TN:
SF:/home/guney/Desktop/andrew mead - gaphql/g-05-06-prisma-101/graphql-prisma/__tests__/utils/seedDatabase.js
FN:33,(anonymous_0)
FNF:1
FNH:1
FNDA:10,(anonymous_0)
DA:5,2
DA:15,2
DA:24,2
DA:33,2
DA:34,10
DA:37,10
DA:38,10
DA:41,10
DA:45,10
DA:48,10
DA:60,10
LF:11
LH:11
BRF:0
BRH:0
end_of_record
TN:
SF:/home/guney/Desktop/andrew mead - gaphql/g-05-06-prisma-101/graphql-prisma/src/prisma.js
FNF:0
FNH:0
DA:4,2
LF:1
LH:1
BRF:0
BRH:0
end_of_record
TN:
SF:/home/guney/Desktop/andrew mead - gaphql/g-05-06-prisma-101/graphql-prisma/src/resolvers/Comment.js
FNF:0
FNH:0
DA:1,2
LF:1
LH:1
BRF:0
BRH:0
end_of_record
TN:
SF:/home/guney/Desktop/andrew mead - gaphql/g-05-06-prisma-101/graphql-prisma/src/resolvers/Mutation.js
FN:15,(anonymous_0)
FN:39,(anonymous_1)
FN:62,(anonymous_2)
FN:68,(anonymous_3)
FN:86,(anonymous_4)
FN:106,(anonymous_5)
FN:128,(anonymous_6)
FN:163,(anonymous_7)
FN:185,(anonymous_8)
FN:207,(anonymous_9)
FNF:10
FNH:0
FNDA:0,(anonymous_0)
FNDA:0,(anonymous_1)
FNDA:0,(anonymous_2)
FNDA:0,(anonymous_3)
FNDA:0,(anonymous_4)
FNDA:0,(anonymous_5)
FNDA:0,(anonymous_6)
FNDA:0,(anonymous_7)
FNDA:0,(anonymous_8)
FNDA:0,(anonymous_9)
DA:14,2
DA:17,0
DA:19,0
DA:20,0
DA:24,0
DA:26,0
DA:33,0
DA:40,0
DA:44,0
DA:45,0
DA:48,0
DA:50,0
DA:51,0
DA:54,0
DA:63,0
DA:65,0
DA:69,0
DA:71,0
DA:72,0
DA:75,0
DA:87,0
DA:89,0
DA:107,0
DA:108,0
DA:115,0
DA:116,0
DA:118,0
DA:129,0
DA:130,0
DA:137,0
DA:142,0
DA:143,0
DA:146,0
DA:147,0
DA:152,0
DA:164,0
DA:165,0
DA:170,0
DA:171,0
DA:174,0
DA:186,0
DA:187,0
DA:194,0
DA:195,0
DA:198,0
DA:208,0
DA:209,0
DA:216,0
DA:217,0
DA:220,0
LF:50
LH:1
BRDA:19,0,0,0
BRDA:19,0,1,0
BRDA:44,1,0,0
BRDA:44,1,1,0
BRDA:50,2,0,0
BRDA:50,2,1,0
BRDA:71,3,0,0
BRDA:71,3,1,0
BRDA:115,4,0,0
BRDA:115,4,1,0
BRDA:142,5,0,0
BRDA:142,5,1,0
BRDA:146,6,0,0
BRDA:146,6,1,0
BRDA:146,7,0,0
BRDA:146,7,1,0
BRDA:170,8,0,0
BRDA:170,8,1,0
BRDA:194,9,0,0
BRDA:194,9,1,0
BRDA:216,10,0,0
BRDA:216,10,1,0
BRF:22
BRH:0
end_of_record
TN:
SF:/home/guney/Desktop/andrew mead - gaphql/g-05-06-prisma-101/graphql-prisma/src/resolvers/Post.js
FNF:0
FNH:0
DA:1,2
LF:1
LH:1
BRF:0
BRH:0
end_of_record
TN:
SF:/home/guney/Desktop/andrew mead - gaphql/g-05-06-prisma-101/graphql-prisma/src/resolvers/Query.js
FN:4,(anonymous_0)
FN:32,(anonymous_1)
FN:64,(anonymous_2)
FN:94,(anonymous_3)
FN:104,(anonymous_4)
FN:118,(anonymous_5)
FNF:6
FNH:0
FNDA:0,(anonymous_0)
FNDA:0,(anonymous_1)
FNDA:0,(anonymous_2)
FNDA:0,(anonymous_3)
FNDA:0,(anonymous_4)
FNDA:0,(anonymous_5)
DA:3,2
DA:5,0
DA:12,0
DA:13,0
DA:29,0
DA:33,0
DA:34,0
DA:48,0
DA:49,0
DA:62,0
DA:66,0
DA:78,0
DA:79,0
DA:92,0
DA:95,0
DA:102,0
DA:105,0
DA:112,0
DA:119,0
DA:121,0
DA:140,0
DA:141,0
DA:144,0
LF:23
LH:1
BRDA:12,0,0,0
BRDA:12,0,1,0
BRDA:48,1,0,0
BRDA:48,1,1,0
BRDA:78,2,0,0
BRDA:78,2,1,0
BRDA:140,3,0,0
BRDA:140,3,1,0
BRF:8
BRH:0
end_of_record
TN:
SF:/home/guney/Desktop/andrew mead - gaphql/g-05-06-prisma-101/graphql-prisma/src/resolvers/Subscription.js
FN:5,(anonymous_0)
FN:21,(anonymous_1)
FN:39,(anonymous_2)
FNF:3
FNH:0
FNDA:0,(anonymous_0)
FNDA:0,(anonymous_1)
FNDA:0,(anonymous_2)
DA:3,2
DA:6,0
DA:22,0
DA:40,0
DA:41,0
LF:5
LH:1
BRF:0
BRH:0
end_of_record
TN:
SF:/home/guney/Desktop/andrew mead - gaphql/g-05-06-prisma-101/graphql-prisma/src/resolvers/User.js
FN:10,(anonymous_0)
FN:23,(anonymous_1)
FNF:2
FNH:0
FNDA:0,(anonymous_0)
FNDA:0,(anonymous_1)
DA:3,2
DA:11,0
DA:13,0
DA:14,0
DA:16,0
DA:24,0
LF:6
LH:1
BRDA:13,0,0,0
BRDA:13,0,1,0
BRDA:13,1,0,0
BRDA:13,1,1,0
BRF:4
BRH:0
end_of_record
TN:
SF:/home/guney/Desktop/andrew mead - gaphql/g-05-06-prisma-101/graphql-prisma/src/resolvers/index.js
FNF:0
FNH:0
DA:9,2
DA:18,2
LF:2
LH:2
BRF:0
BRH:0
end_of_record
